# JRE version: Java(TM) SE Runtime Environment (8.0_102-b14) (build 1.8.0_102-b14)
# Java VM: Java HotSpot(TM) 64-Bit Server VM (25.102-b14 mixed mode windows-amd64 compressed oops)
Heap:
 PSYoungGen      total 438272K, used 174452K [0x00000000e0000000, 0x00000000ffc80000, 0x0000000100000000)
  eden space 360960K, 38% used [0x00000000e0000000,0x00000000e871d210,0x00000000f6080000)
  from space 77312K, 46% used [0x00000000fb100000,0x00000000fd43ff78,0x00000000ffc80000)
  to   space 79872K, 0% used [0x00000000f6080000,0x00000000f6080000,0x00000000fae80000)
 ParOldGen       total 271872K, used 57911K [0x00000000a0000000, 0x00000000b0980000, 0x00000000e0000000)
  object space 271872K, 21% used [0x00000000a0000000,0x00000000a388def0,0x00000000b0980000)
 Metaspace       used 80358K, capacity 88692K, committed 91304K, reserved 1128448K
  class space    used 10291K, capacity 10809K, committed 11432K, reserved 1048576K
GC Heap History (10 events):
Event: 25236.268 GC heap before
{Heap before GC invocations=303 (full 65):
 PSYoungGen      total 429056K, used 339968K [0x00000000e0000000, 0x00000000ffd80000, 0x0000000100000000)
  eden space 339968K, 100% used [0x00000000e0000000,0x00000000f4c00000,0x00000000f4c00000)
  from space 89088K, 0% used [0x00000000f4c00000,0x00000000f4c00000,0x00000000fa300000)
  to   space 90112K, 0% used [0x00000000fa580000,0x00000000fa580000,0x00000000ffd80000)
 ParOldGen       total 271872K, used 42934K [0x00000000a0000000, 0x00000000b0980000, 0x00000000e0000000)
  object space 271872K, 15% used [0x00000000a0000000,0x00000000a29edaa0,0x00000000b0980000)
 Metaspace       used 79521K, capacity 87792K, committed 91304K, reserved 1128448K
  class space    used 10115K, capacity 10623K, committed 11432K, reserved 1048576K
Event: 25236.305 GC heap after
Heap after GC invocations=303 (full 65):
 PSYoungGen      total 429568K, used 24785K [0x00000000e0000000, 0x00000000ff800000, 0x0000000100000000)
  eden space 345088K, 0% used [0x00000000e0000000,0x00000000e0000000,0x00000000f5100000)
  from space 84480K, 29% used [0x00000000fa580000,0x00000000fbdb45e0,0x00000000ff800000)
  to   space 85504K, 0% used [0x00000000f5100000,0x00000000f5100000,0x00000000fa480000)
 ParOldGen       total 271872K, used 42934K [0x00000000a0000000, 0x00000000b0980000, 0x00000000e0000000)
  object space 271872K, 15% used [0x00000000a0000000,0x00000000a29edaa0,0x00000000b0980000)
 Metaspace       used 79521K, capacity 87792K, committed 91304K, reserved 1128448K
  class space    used 10115K, capacity 10623K, committed 11432K, reserved 1048576K
}
Event: 25279.035 GC heap before
{Heap before GC invocations=304 (full 65):
 PSYoungGen      total 429568K, used 369873K [0x00000000e0000000, 0x00000000ff800000, 0x0000000100000000)
  eden space 345088K, 100% used [0x00000000e0000000,0x00000000f5100000,0x00000000f5100000)
  from space 84480K, 29% used [0x00000000fa580000,0x00000000fbdb45e0,0x00000000ff800000)
  to   space 85504K, 0% used [0x00000000f5100000,0x00000000f5100000,0x00000000fa480000)
 ParOldGen       total 271872K, used 42934K [0x00000000a0000000, 0x00000000b0980000, 0x00000000e0000000)
  object space 271872K, 15% used [0x00000000a0000000,0x00000000a29edaa0,0x00000000b0980000)
 Metaspace       used 79562K, capacity 87898K, committed 91304K, reserved 1128448K
  class space    used 10124K, capacity 10634K, committed 11432K, reserved 1048576K
Event: 25279.055 GC heap after
Heap after GC invocations=304 (full 65):
 PSYoungGen      total 430592K, used 1152K [0x00000000e0000000, 0x0000000100000000, 0x0000000100000000)
  eden space 345088K, 0% used [0x00000000e0000000,0x00000000e0000000,0x00000000f5100000)
  from space 85504K, 1% used [0x00000000f5100000,0x00000000f5220000,0x00000000fa480000)
  to   space 84992K, 0% used [0x00000000fad00000,0x00000000fad00000,0x0000000100000000)
 ParOldGen       total 271872K, used 50878K [0x00000000a0000000, 0x00000000b0980000, 0x00000000e0000000)
  object space 271872K, 18% used [0x00000000a0000000,0x00000000a31afb20,0x00000000b0980000)
 Metaspace       used 79562K, capacity 87898K, committed 91304K, reserved 1128448K
  class space    used 10124K, capacity 10634K, committed 11432K, reserved 1048576K
}
Event: 25308.152 GC heap before
{Heap before GC invocations=305 (full 65):
 PSYoungGen      total 430592K, used 346240K [0x00000000e0000000, 0x0000000100000000, 0x0000000100000000)
  eden space 345088K, 100% used [0x00000000e0000000,0x00000000f5100000,0x00000000f5100000)
  from space 85504K, 1% used [0x00000000f5100000,0x00000000f5220000,0x00000000fa480000)
  to   space 84992K, 0% used [0x00000000fad00000,0x00000000fad00000,0x0000000100000000)
 ParOldGen       total 271872K, used 50878K [0x00000000a0000000, 0x00000000b0980000, 0x00000000e0000000)
  object space 271872K, 18% used [0x00000000a0000000,0x00000000a31afb20,0x00000000b0980000)
 Metaspace       used 79599K, capacity 87922K, committed 91304K, reserved 1128448K
  class space    used 10127K, capacity 10638K, committed 11432K, reserved 1048576K
Event: 25308.174 GC heap after
Heap after GC invocations=305 (full 65):
 PSYoungGen      total 433152K, used 9616K [0x00000000e0000000, 0x00000000ffa80000, 0x0000000100000000)
  eden space 353792K, 0% used [0x00000000e0000000,0x00000000e0000000,0x00000000f5980000)
  from space 79360K, 12% used [0x00000000fad00000,0x00000000fb664070,0x00000000ffa80000)
  to   space 82432K, 0% used [0x00000000f5980000,0x00000000f5980000,0x00000000faa00000)
 ParOldGen       total 271872K, used 51498K [0x00000000a0000000, 0x00000000b0980000, 0x00000000e0000000)
  object space 271872K, 18% used [0x00000000a0000000,0x00000000a324ab88,0x00000000b0980000)
 Metaspace       used 79599K, capacity 87922K, committed 91304K, reserved 1128448K
  class space    used 10127K, capacity 10638K, committed 11432K, reserved 1048576K
}
Event: 25311.626 GC heap before
{Heap before GC invocations=306 (full 65):
 PSYoungGen      total 433152K, used 362797K [0x00000000e0000000, 0x00000000ffa80000, 0x0000000100000000)
  eden space 353792K, 99% used [0x00000000e0000000,0x00000000f58e76b0,0x00000000f5980000)
  from space 79360K, 12% used [0x00000000fad00000,0x00000000fb664070,0x00000000ffa80000)
  to   space 82432K, 0% used [0x00000000f5980000,0x00000000f5980000,0x00000000faa00000)
 ParOldGen       total 271872K, used 51498K [0x00000000a0000000, 0x00000000b0980000, 0x00000000e0000000)
  object space 271872K, 18% used [0x00000000a0000000,0x00000000a324ab88,0x00000000b0980000)
 Metaspace       used 79609K, capacity 87938K, committed 91304K, reserved 1128448K
  class space    used 10128K, capacity 10640K, committed 11432K, reserved 1048576K
Event: 25311.638 GC heap after
Heap after GC invocations=306 (full 65):
 PSYoungGen      total 436224K, used 2903K [0x00000000e0000000, 0x0000000100000000, 0x0000000100000000)
  eden space 353792K, 0% used [0x00000000e0000000,0x00000000e0000000,0x00000000f5980000)
  from space 82432K, 3% used [0x00000000f5980000,0x00000000f5c55e20,0x00000000faa00000)
  to   space 80896K, 0% used [0x00000000fb100000,0x00000000fb100000,0x0000000100000000)
 ParOldGen       total 271872K, used 55970K [0x00000000a0000000, 0x00000000b0980000, 0x00000000e0000000)
  object space 271872K, 20% used [0x00000000a0000000,0x00000000a36a8bd8,0x00000000b0980000)
 Metaspace       used 79609K, capacity 87938K, committed 91304K, reserved 1128448K
  class space    used 10128K, capacity 10640K, committed 11432K, reserved 1048576K
}
Event: 25317.743 GC heap before
{Heap before GC invocations=307 (full 65):
 PSYoungGen      total 436224K, used 356695K [0x00000000e0000000, 0x0000000100000000, 0x0000000100000000)
  eden space 353792K, 100% used [0x00000000e0000000,0x00000000f5980000,0x00000000f5980000)
  from space 82432K, 3% used [0x00000000f5980000,0x00000000f5c55e20,0x00000000faa00000)
  to   space 80896K, 0% used [0x00000000fb100000,0x00000000fb100000,0x0000000100000000)
 ParOldGen       total 271872K, used 55970K [0x00000000a0000000, 0x00000000b0980000, 0x00000000e0000000)
  object space 271872K, 20% used [0x00000000a0000000,0x00000000a36a8bd8,0x00000000b0980000)
 Metaspace       used 80357K, capacity 88692K, committed 91304K, reserved 1128448K
  class space    used 10291K, capacity 10809K, committed 11432K, reserved 1048576K
Event: 25317.853 GC heap after
Heap after GC invocations=307 (full 65):
 PSYoungGen      total 438272K, used 36095K [0x00000000e0000000, 0x00000000ffc80000, 0x0000000100000000)
  eden space 360960K, 0% used [0x00000000e0000000,0x00000000e0000000,0x00000000f6080000)
  from space 77312K, 46% used [0x00000000fb100000,0x00000000fd43ff78,0x00000000ffc80000)
  to   space 79872K, 0% used [0x00000000f6080000,0x00000000f6080000,0x00000000fae80000)
 ParOldGen       total 271872K, used 57911K [0x00000000a0000000, 0x00000000b0980000, 0x00000000e0000000)
  object space 271872K, 21% used [0x00000000a0000000,0x00000000a388def0,0x00000000b0980000)
 Metaspace       used 80357K, capacity 88692K, committed 91304K, reserved 1128448K
  class space    used 10291K, capacity 10809K, committed 11432K, reserved 1048576K
}

